Generating 3D model for part HLK-PM12.
Generating 3D model for part P10V275.
	*Warning: Can't do orientation alignment on a 3D model which has no model properties.
Generating 3D model for part 1206MIL.
Generating 3D model for part HOLE_VICTORIA_4_5MM_4236504080.
	*Warning: No mapping for cell/part HOLE_VICTORIA_4_5MM_4236504080
Generating 3D model for part PY-TB2EDGCR-5_0-2P.
Generating 3D model for part TD521D485H-E.
Generating 3D model for part FUSE-STD.
Generating 3D model for part CAP_NP.
Generating 3D model for part LED_SMD_RED.
Generating 3D model for part B0505S-W2R2_2032855355.
	*Warning: No mapping for cell/part B0505S-W2R2_2032855355
Generating 3D model for part RESISTOR.
Generating 3D model for part RES_SMD_0805.
Generating 3D model for part DIP_SW8.
Generating 3D model for part DIP_SW4.
Generating 3D model for part ULN2003A_SOIC16.
Generating 3D model for part TEST_POINT_STD_3605249417.
	*Warning: No mapping for cell/part TEST_POINT_STD_3605249417
Generating 3D model for part FODM2705_1941000537.
	*Warning: No mapping for cell/part FODM2705_1941000537
Generating 3D model for part FUSE1206_3513544701.
	*Warning: No mapping for cell/part FUSE1206_3513544701
Generating 3D model for part RESISTOR_SMD_1206.
Generating 3D model for part AZ921.
Generating 3D model for part CAPACITOR_0805_2584229833.
	*Warning: No mapping for cell/part CAPACITOR_0805_2584229833
Generating 3D model for part TVS_777883024.
	*Warning: No mapping for cell/part TVS_777883024
Generating 3D model for part MKE04Z128VLD4.
Generating 3D model for part PY-TB2EDGCR-5_0-8P.
Generating 3D model for part XTAL_8MHZ_HC49S.
Generating 3D model for part SM712_338975439.
	*Warning: No mapping for cell/part SM712_338975439
Generating 3D model for part PUSH_BOTTON_743956518.
	*Warning: No mapping for cell/part PUSH_BOTTON_743956518
Generating 3D model for part SMBJ12CA.
	*Warning: Can't do orientation alignment on a 3D model which has no model properties.
Generating 3D model for part HEADER_POL_3X2_3652012210.
	*Warning: No mapping for cell/part HEADER_POL_3X2_3652012210
Generating 3D model for part CAP_POL.
	*Warning: Can't do orientation alignment on a 3D model which has no model properties.
Generating 3D model for part BDM_6PIN.
	*Warning: Can't do orientation alignment on a 3D model which has no model properties.
Generating 3D model for part PY-TB2EDGCR-5_0-3P.
Generating 3D model for part MC7805_TO220-UP.
